  Person.cpp
Person.cpp(13): warning C4018: '<' : signed/unsigned mismatch
Person.cpp(17): warning C4018: '<' : signed/unsigned mismatch
C:\Program Files (x86)\Microsoft Visual Studio 11.0\VC\include\random(3600): error C2228: left of '.min' must have class/struct/union
          type is 'std::mersenne_twister_engine<_Ty,_Wx,_Nx,_Mx,_Rx,_Px,_Ux,_Dx,_Sx,_Bx,_Tx,_Cx,_Lx,_Fx> (__cdecl &)'
          with
          [
              _Ty=unsigned int,
              _Wx=32,
              _Nx=624,
              _Mx=397,
              _Rx=31,
              _Px=-1727483681,
              _Ux=11,
              _Dx=-1,
              _Sx=7,
              _Bx=-1658038656,
              _Tx=15,
              _Cx=-272236544,
              _Lx=18,
              _Fx=1812433253
          ]
          C:\Program Files (x86)\Microsoft Visual Studio 11.0\VC\include\random(3566) : see reference to function template instantiation 'double std::uniform_real<_Ty>::_Eval<_Engine>(_Engine (__cdecl &),const std::uniform_real<_Ty>::param_type &) const' being compiled
          with
          [
              _Ty=double,
              _Engine=std::default_random_engine (void)
          ]
          C:\Program Files (x86)\Microsoft Visual Studio 11.0\VC\include\random(3566) : see reference to function template instantiation 'double std::uniform_real<_Ty>::_Eval<_Engine>(_Engine (__cdecl &),const std::uniform_real<_Ty>::param_type &) const' being compiled
          with
          [
              _Ty=double,
              _Engine=std::default_random_engine (void)
          ]
          Person.cpp(29) : see reference to function template instantiation 'double std::uniform_real<_Ty>::operator ()<std::default_random_engine(void)>(_Engine (__cdecl &)) const' being compiled
          with
          [
              _Ty=double,
              _Engine=std::default_random_engine (void)
          ]
          Person.cpp(30) : see reference to function template instantiation 'double std::uniform_real<_Ty>::operator ()<std::default_random_engine(void)>(_Engine (__cdecl &)) const' being compiled
          with
          [
              _Ty=double,
              _Engine=std::default_random_engine (void)
          ]
  Simulator.cpp
